<?xml version="1.0" encoding="UTF-8"?>
<testng-results skipped="0" failed="0" ignored="0" total="2" passed="2">
  <reporter-output>
  </reporter-output>
  <suite name="Default suite" duration-ms="41420" started-at="2019-10-01T10:48:41Z" finished-at="2019-10-01T10:49:23Z">
    <groups>
    </groups>
    <test name="Default test" duration-ms="41420" started-at="2019-10-01T10:48:41Z" finished-at="2019-10-01T10:49:23Z">
      <class name="TestCases.temp">
        <test-method status="PASS" signature="temp1()[pri:0, instance:TestCases.temp@704d6e83]" name="temp1" duration-ms="27892" started-at="2019-10-01T10:48:41Z" finished-at="2019-10-01T10:49:09Z">
          <reporter-output>
          </reporter-output>
        </test-method> <!-- temp1 -->
        <test-method status="PASS" signature="repo()[pri:0, instance:TestCases.temp@704d6e83]" name="repo" is-config="true" duration-ms="686" started-at="2019-10-01T10:49:09Z" finished-at="2019-10-01T10:49:10Z">
          <reporter-output>
          </reporter-output>
        </test-method> <!-- repo -->
        <test-method status="PASS" signature="temp2()[pri:0, instance:TestCases.temp@704d6e83]" name="temp2" duration-ms="12703" started-at="2019-10-01T10:49:10Z" finished-at="2019-10-01T10:49:23Z">
          <reporter-output>
          </reporter-output>
        </test-method> <!-- temp2 -->
        <test-method status="PASS" signature="repo()[pri:0, instance:TestCases.temp@704d6e83]" name="repo" is-config="true" duration-ms="89" started-at="2019-10-01T10:49:23Z" finished-at="2019-10-01T10:49:23Z">
          <reporter-output>
          </reporter-output>
        </test-method> <!-- repo -->
        <test-method status="PASS" signature="close()[pri:0, instance:TestCases.temp@704d6e83]" name="close" is-config="true" duration-ms="1195" started-at="2019-10-01T10:49:23Z" finished-at="2019-10-01T10:49:24Z">
          <reporter-output>
          </reporter-output>
        </test-method> <!-- close -->
      </class> <!-- TestCases.temp -->
    </test> <!-- Default test -->
  </suite> <!-- Default suite -->
</testng-results>
